<?xml version="1.0" encoding="UTF-8"?>
<!-- Generated by org.testng.reporters.JUnitReportReporter -->
<testsuite hostname="LAPTOP-OPRRGMFJ" failures="0" tests="1" name="com.jen.jentest.New" time="0.014" errors="0" timestamp="2025-06-18T23:53:48 IST" skipped="0">
  <testcase classname="com.jen.jentest.New" name="test1" time="0.014"/>
</testsuite> <!-- com.jen.jentest.New -->
