<?xml version="1.0" encoding="UTF-8"?>
<!-- Generated by org.testng.reporters.JUnitReportReporter -->
<testsuite hostname="LAPTOP-OPRRGMFJ" failures="0" tests="1" name="com.jen.jentest.New" time="1.903" errors="0" timestamp="2025-06-19T10:28:02 IST" skipped="0">
  <testcase classname="com.jen.jentest.New" name="test1" time="1.903"/>
</testsuite> <!-- com.jen.jentest.New -->
